#
# There is insufficient memory for the Java Runtime Environment to continue.
# Native memory allocation (mmap) failed to map 134217728 bytes for G1 virtual space
# Possible reasons:
#   The system is out of physical RAM or swap space
#   The process is running with CompressedOops enabled, and the Java Heap may be blocking the growth of the native heap
# Possible solutions:
#   Reduce memory load on the system
#   Increase physical memory or swap space
#   Check if swap backing store is full
#   Decrease Java heap size (-Xmx/-Xms)
#   Decrease number of Java threads
#   Decrease Java thread stack sizes (-Xss)
#   Set larger code cache with -XX:ReservedCodeCacheSize=
#   JVM is running with Unscaled Compressed Oops mode in which the Java heap is
#     placed in the first 4GB address space. The Java Heap base address is the
#     maximum limit for the native heap growth. Please use -XX:HeapBaseMinAddress
#     to set the Java Heap base and to place the Java Heap above 4GB virtual address.
# This output file may be truncated or incomplete.
#
#  Out of Memory Error (os_windows.cpp:3466), pid=18820, tid=18904
#
# JRE version:  (16.0+36) (build )
# Java VM: Java HotSpot(TM) 64-Bit Server VM (16+36-2231, mixed mode, sharing, tiered, compressed oops, g1 gc, windows-amd64)
# No core dump will be written. Minidumps are not enabled by default on client versions of Windows
#

---------------  S U M M A R Y ------------

Command Line: -Dfile.encoding=Cp1252 -XX:+ShowCodeDetailsInExceptionMessages bw.main

Host: Intel(R) Core(TM) i3-8100 CPU @ 3.60GHz, 4 cores, 7G,  Windows 10 , 64 bit Build 18362 (10.0.18362.329)
Time: Tue Jun  8 18:28:27 2021 Bangladesh Standard Time elapsed time: 0.048591 seconds (0d 0h 0m 0s)

---------------  T H R E A D  ---------------

Current thread (0x000001a99b6ba8f0):  JavaThread "Unknown thread" [_thread_in_vm, id=18904, stack(0x000000a6e0600000,0x000000a6e0700000)]

Stack: [0x000000a6e0600000,0x000000a6e0700000]
Native frames: (J=compiled Java code, j=interpreted, Vv=VM code, C=native code)
V  [jvm.dll+0x6681da]
V  [jvm.dll+0x7c9d99]
V  [jvm.dll+0x7cb4d3]
V  [jvm.dll+0x7cbb33]
V  [jvm.dll+0x242ee5]
V  [jvm.dll+0x664f99]
V  [jvm.dll+0x659b85]
V  [jvm.dll+0x2fbfcb]
V  [jvm.dll+0x3031c6]
V  [jvm.dll+0x352a0e]
V  [jvm.dll+0x352c3f]
V  [jvm.dll+0x2d3038]
V  [jvm.dll+0x2d4274]
V  [jvm.dll+0x79c691]
V  [jvm.dll+0x3607b1]
V  [jvm.dll+0x77a370]
V  [jvm.dll+0x3e501f]
V  [jvm.dll+0x3e6af1]
C  [jli.dll+0x52fb]
C  [ucrtbase.dll+0x20e72]
C  [KERNEL32.DLL+0x17bd4]
C  [ntdll.dll+0x6ced1]


---------------  P R O C E S S  ---------------

Threads class SMR info:
_java_thread_list=0x00007ffe84e2cbb8, length=0, elements={
}

Java Threads: ( => current thread )

Other Threads:
  0x000001a99b6f9a00 GCTaskThread "GC Thread#0" [stack: 0x000000a6e0700000,0x000000a6e0800000] [id=19276]
  0x000001a99b70b910 ConcurrentGCThread "G1 Main Marker" [stack: 0x000000a6e0800000,0x000000a6e0900000] [id=19272]
  0x000001a99b70cba0 ConcurrentGCThread "G1 Conc#0" [stack: 0x000000a6e0900000,0x000000a6e0a00000] [id=17480]

[error occurred during error reporting (printing all threads), id 0xc0000005, EXCEPTION_ACCESS_VIOLATION (0xc0000005) at pc=0x00007ffe84603ef7]

VM state: not at safepoint (not fully initialized)

VM Mutex/Monitor currently owned by a thread:  ([mutex/lock_event])
[0x000001a99b6b6f20] Heap_lock - owner thread: 0x000001a99b6ba8f0

Heap address: 0x0000000081200000, size: 2030 MB, Compressed Oops mode: 32-bit
CDS archive(s) mapped at: [0x0000000000000000-0x0000000000000000-0x0000000000000000), size 0, SharedBaseAddress: 0x0000000800000000, ArchiveRelocationMode: 0.
Narrow klass base: 0x0000000000000000, Narrow klass shift: 0, Narrow klass range: 0x0

GC Precious Log:
<Empty>

Heap:
 garbage-first heap   total 0K, used 0K [0x0000000081200000, 0x0000000100000000)
  region size 1024K, 0 young (0K), 0 survivors (0K)

[error occurred during error reporting (printing heap information), id 0xc0000005, EXCEPTION_ACCESS_VIOLATION (0xc0000005) at pc=0x00007ffe849e1edd]

GC Heap History (0 events):
No events

Deoptimization events (0 events):
No events

Classes unloaded (0 events):
No events

Classes redefined (0 events):
No events

Internal exceptions (0 events):
No events

Events (1 events):
Event: 0.006 Loaded shared library C:\Program Files\Java\jdk-16\bin\java.dll


Dynamic libraries:
0x00007ff63f630000 - 0x00007ff63f640000 	C:\Program Files\Java\jdk-16\bin\javaw.exe
0x00007ffed0580000 - 0x00007ffed0770000 	C:\Windows\SYSTEM32\ntdll.dll
0x00007ffecf980000 - 0x00007ffecfa32000 	C:\Windows\System32\KERNEL32.DLL
0x00007ffece2e0000 - 0x00007ffece583000 	C:\Windows\System32\KERNELBASE.dll
0x00007ffece130000 - 0x00007ffece22a000 	C:\Windows\System32\ucrtbase.dll
0x00007ffeabbf0000 - 0x00007ffeabc08000 	C:\Program Files\Java\jdk-16\bin\jli.dll
0x00007ffeabb00000 - 0x00007ffeabb19000 	C:\Program Files\Java\jdk-16\bin\VCRUNTIME140.dll
0x00007ffece6e0000 - 0x00007ffece783000 	C:\Windows\System32\ADVAPI32.dll
0x00007ffecfad0000 - 0x00007ffecfb6e000 	C:\Windows\System32\msvcrt.dll
0x00007ffecf4d0000 - 0x00007ffecf567000 	C:\Windows\System32\sechost.dll
0x00007ffecf3a0000 - 0x00007ffecf4c0000 	C:\Windows\System32\RPCRT4.dll
0x00007ffecefb0000 - 0x00007ffecf144000 	C:\Windows\System32\USER32.dll
0x00007ffebf740000 - 0x00007ffebf9c5000 	C:\Windows\WinSxS\amd64_microsoft.windows.common-controls_6595b64144ccf1df_6.0.18362.535_none_e6c3b34713100821\COMCTL32.dll
0x00007ffecd510000 - 0x00007ffecd531000 	C:\Windows\System32\win32u.dll
0x00007ffecfb70000 - 0x00007ffecfea6000 	C:\Windows\System32\combase.dll
0x00007ffecfeb0000 - 0x00007ffecfed6000 	C:\Windows\System32\GDI32.dll
0x00007ffecd890000 - 0x00007ffecd910000 	C:\Windows\System32\bcryptPrimitives.dll
0x00007ffecd6f0000 - 0x00007ffecd884000 	C:\Windows\System32\gdi32full.dll
0x00007ffece590000 - 0x00007ffece62e000 	C:\Windows\System32\msvcp_win.dll
0x00007ffec9700000 - 0x00007ffec970a000 	C:\Windows\SYSTEM32\VERSION.dll
0x00007ffecf950000 - 0x00007ffecf97e000 	C:\Windows\System32\IMM32.DLL
0x00007ffec0ba0000 - 0x00007ffec0bac000 	C:\Program Files\Java\jdk-16\bin\vcruntime140_1.dll
0x00007ffea2c30000 - 0x00007ffea2cc1000 	C:\Program Files\Java\jdk-16\bin\msvcp140.dll
0x00007ffe84320000 - 0x00007ffe84ecb000 	C:\Program Files\Java\jdk-16\bin\server\jvm.dll
0x00007ffecf4c0000 - 0x00007ffecf4c8000 	C:\Windows\System32\PSAPI.DLL
0x00007ffec0280000 - 0x00007ffec0289000 	C:\Windows\SYSTEM32\WSOCK32.dll
0x00007ffec9e70000 - 0x00007ffec9e94000 	C:\Windows\SYSTEM32\WINMM.dll
0x00007ffecf150000 - 0x00007ffecf1bf000 	C:\Windows\System32\WS2_32.dll
0x00007ffec9e40000 - 0x00007ffec9e6d000 	C:\Windows\SYSTEM32\WINMMBASE.dll
0x00007ffecd960000 - 0x00007ffecd9aa000 	C:\Windows\System32\cfgmgr32.dll
0x00007ffecd4a0000 - 0x00007ffecd4b1000 	C:\Windows\System32\kernel.appcore.dll
0x00007ffec01f0000 - 0x00007ffec01fa000 	C:\Program Files\Java\jdk-16\bin\jimage.dll
0x00007ffeb5c90000 - 0x00007ffeb5e84000 	C:\Windows\SYSTEM32\DBGHELP.DLL
0x00007ffeb5c20000 - 0x00007ffeb5c4a000 	C:\Windows\SYSTEM32\dbgcore.DLL
0x00007ffea7710000 - 0x00007ffea7735000 	C:\Program Files\Java\jdk-16\bin\java.dll

dbghelp: loaded successfully - version: 4.0.5 - missing functions: none
symbol engine: initialized successfully - sym options: 0x614 - pdb path: .;C:\Program Files\Java\jdk-16\bin;C:\Windows\SYSTEM32;C:\Windows\WinSxS\amd64_microsoft.windows.common-controls_6595b64144ccf1df_6.0.18362.535_none_e6c3b34713100821;C:\Program Files\Java\jdk-16\bin\server

VM Arguments:
jvm_args: -Dfile.encoding=Cp1252 -XX:+ShowCodeDetailsInExceptionMessages 
java_command: bw.main
java_class_path (initial): F:\Java Codes\BookWorld v2\bin;F:\mysql-connector-java-8.0.25\mysql-connector-java-8.0.25.jar
Launcher Type: SUN_STANDARD

[Global flags]
     intx CICompilerCount                          = 3                                         {product} {ergonomic}
     uint ConcGCThreads                            = 1                                         {product} {ergonomic}
     uint G1ConcRefinementThreads                  = 4                                         {product} {ergonomic}
   size_t G1HeapRegionSize                         = 1048576                                   {product} {ergonomic}
    uintx GCDrainStackTargetSize                   = 64                                        {product} {ergonomic}
   size_t InitialHeapSize                          = 134217728                                 {product} {ergonomic}
   size_t MarkStackSize                            = 4194304                                   {product} {ergonomic}
   size_t MaxHeapSize                              = 2128609280                                {product} {ergonomic}
   size_t MinHeapDeltaBytes                        = 1048576                                   {product} {ergonomic}
   size_t MinHeapSize                              = 8388608                                   {product} {ergonomic}
    uintx NonNMethodCodeHeapSize                   = 5832780                                {pd product} {ergonomic}
    uintx NonProfiledCodeHeapSize                  = 122912730                              {pd product} {ergonomic}
    uintx ProfiledCodeHeapSize                     = 122912730                              {pd product} {ergonomic}
    uintx ReservedCodeCacheSize                    = 251658240                              {pd product} {ergonomic}
     bool SegmentedCodeCache                       = true                                      {product} {ergonomic}
     bool ShowCodeDetailsInExceptionMessages       = true                                   {manageable} {command line}
   size_t SoftMaxHeapSize                          = 2128609280                             {manageable} {ergonomic}
     bool UseCompressedClassPointers               = true                           {product lp64_product} {ergonomic}
     bool UseCompressedOops                        = true                           {product lp64_product} {ergonomic}
     bool UseG1GC                                  = true                                      {product} {ergonomic}
     bool UseLargePagesIndividualAllocation        = false                                  {pd product} {ergonomic}

Logging:
Log output configuration:
 #0: stdout all=warning uptime,level,tags
 #1: stderr all=off uptime,level,tags

Environment Variables:
JAVA_HOME=C:\Program Files\Java\jdk-16
CLASSPATH=F:\mysql-connector-java-8.0.25\mysql-connector-java-8.0.25.jar
PATH=C:\Program Files\Common Files\Oracle\Java\javapath;C:\Windows\system32;C:\Windows;C:\Windows\System32\Wbem;C:\Windows\System32\WindowsPowerShell\v1.0\;C:\Windows\System32\OpenSSH\;C:\Program Files\NVIDIA Corporation\NVIDIA NvDLISR;C:\Program Files (x86)\NVIDIA Corporation\PhysX\Common;C:\Program Files\Java\jdk-16\bin;C:\Program Files\MySQL\MySQL Shell 8.0\bin\;C:\Users\Khilzi\AppData\Local\Microsoft\WindowsApps;
USERNAME=Khilzi
OS=Windows_NT
PROCESSOR_IDENTIFIER=Intel64 Family 6 Model 158 Stepping 11, GenuineIntel



---------------  S Y S T E M  ---------------

OS:
 Windows 10 , 64 bit Build 18362 (10.0.18362.329)
OS uptime: 1 days 7:01 hours

CPU: total 4 (initial active 4) (4 cores per cpu, 1 threads per core) family 6 model 158 stepping 11 microcode 0xb4, cx8, cmov, fxsr, mmx, 3dnowpref, sse, sse2, sse3, ssse3, sse4.1, sse4.2, popcnt, lzcnt, tsc, tscinvbit, avx, avx2, aes, erms, clmul, bmi1, bmi2, adx, fma, vzeroupper, clflush, clflushopt

Memory: 4k page, system-wide physical 8114M (1767M free)
TotalPageFile size 20337M (AvailPageFile size 94M)
current process WorkingSet (physical memory assigned to process): 9M, peak: 9M
current process commit charge ("private bytes"): 51M, peak: 179M

vm_info: Java HotSpot(TM) 64-Bit Server VM (16+36-2231) for windows-amd64 JRE (16+36-2231), built on Feb  8 2021 11:43:10 by "mach5one" with MS VC++ 16.7 (VS2019)

END.
