#
# There is insufficient memory for the Java Runtime Environment to continue.
# Native memory allocation (mmap) failed to map 134217728 bytes for G1 virtual space
# Possible reasons:
#   The system is out of physical RAM or swap space
#   The process is running with CompressedOops enabled, and the Java Heap may be blocking the growth of the native heap
# Possible solutions:
#   Reduce memory load on the system
#   Increase physical memory or swap space
#   Check if swap backing store is full
#   Decrease Java heap size (-Xmx/-Xms)
#   Decrease number of Java threads
#   Decrease Java thread stack sizes (-Xss)
#   Set larger code cache with -XX:ReservedCodeCacheSize=
#   JVM is running with Unscaled Compressed Oops mode in which the Java heap is
#     placed in the first 4GB address space. The Java Heap base address is the
#     maximum limit for the native heap growth. Please use -XX:HeapBaseMinAddress
#     to set the Java Heap base and to place the Java Heap above 4GB virtual address.
# This output file may be truncated or incomplete.
#
#  Out of Memory Error (os_windows.cpp:3466), pid=17944, tid=18360
#
# JRE version:  (16.0+36) (build )
# Java VM: Java HotSpot(TM) 64-Bit Server VM (16+36-2231, mixed mode, sharing, tiered, compressed oops, g1 gc, windows-amd64)
# No core dump will be written. Minidumps are not enabled by default on client versions of Windows
#

---------------  S U M M A R Y ------------

Command Line: -Dfile.encoding=Cp1252 -XX:+ShowCodeDetailsInExceptionMessages bw.main

Host: Intel(R) Core(TM) i3-8100 CPU @ 3.60GHz, 4 cores, 7G,  Windows 10 , 64 bit Build 18362 (10.0.18362.329)
Time: Wed Jun  9 15:13:13 2021 Bangladesh Standard Time elapsed time: 0.096306 seconds (0d 0h 0m 0s)

---------------  T H R E A D  ---------------

Current thread (0x0000015060888bb0):  JavaThread "Unknown thread" [_thread_in_vm, id=18360, stack(0x0000001899700000,0x0000001899800000)]

Stack: [0x0000001899700000,0x0000001899800000]
Native frames: (J=compiled Java code, j=interpreted, Vv=VM code, C=native code)
V  [jvm.dll+0x6681da]
V  [jvm.dll+0x7c9d99]
V  [jvm.dll+0x7cb4d3]
V  [jvm.dll+0x7cbb33]
V  [jvm.dll+0x242ee5]
V  [jvm.dll+0x664f99]
V  [jvm.dll+0x659b85]
V  [jvm.dll+0x2fbfcb]
V  [jvm.dll+0x3031c6]
V  [jvm.dll+0x352a0e]
V  [jvm.dll+0x352c3f]
V  [jvm.dll+0x2d3038]
V  [jvm.dll+0x2d4274]
V  [jvm.dll+0x79c691]
V  [jvm.dll+0x3607b1]
V  [jvm.dll+0x77a370]
V  [jvm.dll+0x3e501f]
V  [jvm.dll+0x3e6af1]
C  [jli.dll+0x52fb]
C  [ucrtbase.dll+0x20e72]
C  [KERNEL32.DLL+0x17bd4]
C  [ntdll.dll+0x6ced1]


---------------  P R O C E S S  ---------------

Threads class SMR info:
_java_thread_list=0x00007ff90e39cbb8, length=0, elements={
}

Java Threads: ( => current thread )

Other Threads:
  0x00000150608c69f0 GCTaskThread "GC Thread#0" [stack: 0x0000001899800000,0x0000001899900000] [id=17480]
  0x00000150608d90a0 ConcurrentGCThread "G1 Main Marker" [stack: 0x0000001899900000,0x0000001899a00000] [id=15556]
  0x00000150608d9b90 ConcurrentGCThread "G1 Conc#0" [stack: 0x0000001899a00000,0x0000001899b00000] [id=17476]

[error occurred during error reporting (printing all threads), id 0xc0000005, EXCEPTION_ACCESS_VIOLATION (0xc0000005) at pc=0x00007ff90db73ef7]

VM state: not at safepoint (not fully initialized)

VM Mutex/Monitor currently owned by a thread:  ([mutex/lock_event])
[0x0000015060884850] Heap_lock - owner thread: 0x0000015060888bb0

Heap address: 0x0000000081200000, size: 2030 MB, Compressed Oops mode: 32-bit
CDS archive(s) mapped at: [0x0000000000000000-0x0000000000000000-0x0000000000000000), size 0, SharedBaseAddress: 0x0000000800000000, ArchiveRelocationMode: 0.
Narrow klass base: 0x0000000000000000, Narrow klass shift: 0, Narrow klass range: 0x0

GC Precious Log:
<Empty>

Heap:
 garbage-first heap   total 0K, used 0K [0x0000000081200000, 0x0000000100000000)
  region size 1024K, 0 young (0K), 0 survivors (0K)

[error occurred during error reporting (printing heap information), id 0xc0000005, EXCEPTION_ACCESS_VIOLATION (0xc0000005) at pc=0x00007ff90df51edd]

GC Heap History (0 events):
No events

Deoptimization events (0 events):
No events

Classes unloaded (0 events):
No events

Classes redefined (0 events):
No events

Internal exceptions (0 events):
No events

Events (1 events):
Event: 0.006 Loaded shared library C:\Program Files\Java\jdk-16\bin\java.dll


Dynamic libraries:
0x00007ff66d1e0000 - 0x00007ff66d1f0000 	C:\Program Files\Java\jdk-16\bin\javaw.exe
0x00007ff944020000 - 0x00007ff944210000 	C:\Windows\SYSTEM32\ntdll.dll
0x00007ff943670000 - 0x00007ff943722000 	C:\Windows\System32\KERNEL32.DLL
0x00007ff941ac0000 - 0x00007ff941d63000 	C:\Windows\System32\KERNELBASE.dll
0x00007ff941880000 - 0x00007ff94197a000 	C:\Windows\System32\ucrtbase.dll
0x00007ff910a20000 - 0x00007ff910a38000 	C:\Program Files\Java\jdk-16\bin\jli.dll
0x00007ff91b150000 - 0x00007ff91b169000 	C:\Program Files\Java\jdk-16\bin\VCRUNTIME140.dll
0x00007ff9420d0000 - 0x00007ff942173000 	C:\Windows\System32\ADVAPI32.dll
0x00007ff9424c0000 - 0x00007ff94255e000 	C:\Windows\System32\msvcrt.dll
0x00007ff943de0000 - 0x00007ff943e77000 	C:\Windows\System32\sechost.dll
0x00007ff943550000 - 0x00007ff943670000 	C:\Windows\System32\RPCRT4.dll
0x00007ff943980000 - 0x00007ff943b14000 	C:\Windows\System32\USER32.dll
0x00007ff9328c0000 - 0x00007ff932b45000 	C:\Windows\WinSxS\amd64_microsoft.windows.common-controls_6595b64144ccf1df_6.0.18362.535_none_e6c3b34713100821\COMCTL32.dll
0x00007ff941a10000 - 0x00007ff941a31000 	C:\Windows\System32\win32u.dll
0x00007ff942180000 - 0x00007ff9424b6000 	C:\Windows\System32\combase.dll
0x00007ff9438e0000 - 0x00007ff943906000 	C:\Windows\System32\GDI32.dll
0x00007ff941a40000 - 0x00007ff941ac0000 	C:\Windows\System32\bcryptPrimitives.dll
0x00007ff941f30000 - 0x00007ff9420c4000 	C:\Windows\System32\gdi32full.dll
0x00007ff941d90000 - 0x00007ff941e2e000 	C:\Windows\System32\msvcp_win.dll
0x00007ff93ef90000 - 0x00007ff93ef9a000 	C:\Windows\SYSTEM32\VERSION.dll
0x00007ff943fb0000 - 0x00007ff943fde000 	C:\Windows\System32\IMM32.DLL
0x00007ff931e50000 - 0x00007ff931e5c000 	C:\Program Files\Java\jdk-16\bin\vcruntime140_1.dll
0x00007ff90e680000 - 0x00007ff90e711000 	C:\Program Files\Java\jdk-16\bin\msvcp140.dll
0x00007ff90d890000 - 0x00007ff90e43b000 	C:\Program Files\Java\jdk-16\bin\server\jvm.dll
0x00007ff9434e0000 - 0x00007ff9434e8000 	C:\Windows\System32\PSAPI.DLL
0x00007ff91b450000 - 0x00007ff91b459000 	C:\Windows\SYSTEM32\WSOCK32.dll
0x00007ff93ed50000 - 0x00007ff93ed74000 	C:\Windows\SYSTEM32\WINMM.dll
0x00007ff943910000 - 0x00007ff94397f000 	C:\Windows\System32\WS2_32.dll
0x00007ff93ed20000 - 0x00007ff93ed4d000 	C:\Windows\SYSTEM32\WINMMBASE.dll
0x00007ff941e30000 - 0x00007ff941e7a000 	C:\Windows\System32\cfgmgr32.dll
0x00007ff940f00000 - 0x00007ff940f11000 	C:\Windows\System32\kernel.appcore.dll
0x00007ff91b200000 - 0x00007ff91b20a000 	C:\Program Files\Java\jdk-16\bin\jimage.dll
0x00007ff9290d0000 - 0x00007ff9292c4000 	C:\Windows\SYSTEM32\DBGHELP.DLL
0x00007ff9290a0000 - 0x00007ff9290ca000 	C:\Windows\SYSTEM32\dbgcore.DLL
0x00007ff90f5e0000 - 0x00007ff90f605000 	C:\Program Files\Java\jdk-16\bin\java.dll

dbghelp: loaded successfully - version: 4.0.5 - missing functions: none
symbol engine: initialized successfully - sym options: 0x614 - pdb path: .;C:\Program Files\Java\jdk-16\bin;C:\Windows\SYSTEM32;C:\Windows\WinSxS\amd64_microsoft.windows.common-controls_6595b64144ccf1df_6.0.18362.535_none_e6c3b34713100821;C:\Program Files\Java\jdk-16\bin\server

VM Arguments:
jvm_args: -Dfile.encoding=Cp1252 -XX:+ShowCodeDetailsInExceptionMessages 
java_command: bw.main
java_class_path (initial): F:\Java Codes\BookWorld v2\bin;F:\mysql-connector-java-8.0.25\mysql-connector-java-8.0.25.jar
Launcher Type: SUN_STANDARD

[Global flags]
     intx CICompilerCount                          = 3                                         {product} {ergonomic}
     uint ConcGCThreads                            = 1                                         {product} {ergonomic}
     uint G1ConcRefinementThreads                  = 4                                         {product} {ergonomic}
   size_t G1HeapRegionSize                         = 1048576                                   {product} {ergonomic}
    uintx GCDrainStackTargetSize                   = 64                                        {product} {ergonomic}
   size_t InitialHeapSize                          = 134217728                                 {product} {ergonomic}
   size_t MarkStackSize                            = 4194304                                   {product} {ergonomic}
   size_t MaxHeapSize                              = 2128609280                                {product} {ergonomic}
   size_t MinHeapDeltaBytes                        = 1048576                                   {product} {ergonomic}
   size_t MinHeapSize                              = 8388608                                   {product} {ergonomic}
    uintx NonNMethodCodeHeapSize                   = 5832780                                {pd product} {ergonomic}
    uintx NonProfiledCodeHeapSize                  = 122912730                              {pd product} {ergonomic}
    uintx ProfiledCodeHeapSize                     = 122912730                              {pd product} {ergonomic}
    uintx ReservedCodeCacheSize                    = 251658240                              {pd product} {ergonomic}
     bool SegmentedCodeCache                       = true                                      {product} {ergonomic}
     bool ShowCodeDetailsInExceptionMessages       = true                                   {manageable} {command line}
   size_t SoftMaxHeapSize                          = 2128609280                             {manageable} {ergonomic}
     bool UseCompressedClassPointers               = true                           {product lp64_product} {ergonomic}
     bool UseCompressedOops                        = true                           {product lp64_product} {ergonomic}
     bool UseG1GC                                  = true                                      {product} {ergonomic}
     bool UseLargePagesIndividualAllocation        = false                                  {pd product} {ergonomic}

Logging:
Log output configuration:
 #0: stdout all=warning uptime,level,tags
 #1: stderr all=off uptime,level,tags

Environment Variables:
JAVA_HOME=C:\Program Files\Java\jdk-16
CLASSPATH=F:\mysql-connector-java-8.0.25\mysql-connector-java-8.0.25.jar
PATH=C:\Program Files\Common Files\Oracle\Java\javapath;C:\Windows\system32;C:\Windows;C:\Windows\System32\Wbem;C:\Windows\System32\WindowsPowerShell\v1.0\;C:\Windows\System32\OpenSSH\;C:\Program Files\NVIDIA Corporation\NVIDIA NvDLISR;C:\Program Files (x86)\NVIDIA Corporation\PhysX\Common;C:\Program Files\Java\jdk-16\bin;C:\Program Files\MySQL\MySQL Shell 8.0\bin\;C:\Users\Khilzi\AppData\Local\Microsoft\WindowsApps;
USERNAME=Khilzi
OS=Windows_NT
PROCESSOR_IDENTIFIER=Intel64 Family 6 Model 158 Stepping 11, GenuineIntel



---------------  S Y S T E M  ---------------

OS:
 Windows 10 , 64 bit Build 18362 (10.0.18362.329)
OS uptime: 0 days 1:27 hours

CPU: total 4 (initial active 4) (4 cores per cpu, 1 threads per core) family 6 model 158 stepping 11 microcode 0xb4, cx8, cmov, fxsr, mmx, 3dnowpref, sse, sse2, sse3, ssse3, sse4.1, sse4.2, popcnt, lzcnt, tsc, tscinvbit, avx, avx2, aes, erms, clmul, bmi1, bmi2, adx, fma, vzeroupper, clflush, clflushopt

Memory: 4k page, system-wide physical 8114M (1910M free)
TotalPageFile size 20311M (AvailPageFile size 85M)
current process WorkingSet (physical memory assigned to process): 9M, peak: 9M
current process commit charge ("private bytes"): 51M, peak: 179M

vm_info: Java HotSpot(TM) 64-Bit Server VM (16+36-2231) for windows-amd64 JRE (16+36-2231), built on Feb  8 2021 11:43:10 by "mach5one" with MS VC++ 16.7 (VS2019)

END.
