#
# There is insufficient memory for the Java Runtime Environment to continue.
# Native memory allocation (malloc) failed to allocate 680960 bytes for Chunk::new
# Possible reasons:
#   The system is out of physical RAM or swap space
#   The process is running with CompressedOops enabled, and the Java Heap may be blocking the growth of the native heap
# Possible solutions:
#   Reduce memory load on the system
#   Increase physical memory or swap space
#   Check if swap backing store is full
#   Decrease Java heap size (-Xmx/-Xms)
#   Decrease number of Java threads
#   Decrease Java thread stack sizes (-Xss)
#   Set larger code cache with -XX:ReservedCodeCacheSize=
#   JVM is running with Unscaled Compressed Oops mode in which the Java heap is
#     placed in the first 4GB address space. The Java Heap base address is the
#     maximum limit for the native heap growth. Please use -XX:HeapBaseMinAddress
#     to set the Java Heap base and to place the Java Heap above 4GB virtual address.
# This output file may be truncated or incomplete.
#
#  Out of Memory Error (arena.cpp:195), pid=19240, tid=18532
#
# JRE version: Java(TM) SE Runtime Environment (16.0+36) (build 16+36-2231)
# Java VM: Java HotSpot(TM) 64-Bit Server VM (16+36-2231, mixed mode, sharing, tiered, compressed oops, g1 gc, windows-amd64)
# No core dump will be written. Minidumps are not enabled by default on client versions of Windows
#

---------------  S U M M A R Y ------------

Command Line: -Dfile.encoding=Cp1252 -XX:+ShowCodeDetailsInExceptionMessages bw.main

Host: Intel(R) Core(TM) i3-8100 CPU @ 3.60GHz, 4 cores, 7G,  Windows 10 , 64 bit Build 18362 (10.0.18362.329)
Time: Mon May 17 14:00:05 2021 Bangladesh Standard Time elapsed time: 0.761700 seconds (0d 0h 0m 0s)

---------------  T H R E A D  ---------------

Current thread (0x0000022f2ad37380):  JavaThread "C2 CompilerThread1" daemon [_thread_in_native, id=18532, stack(0x00000070f9300000,0x00000070f9400000)]


Current CompileTask:
C2:    761 1080   !   4       sun.font.TrueTypeFont::getTableBuffer (199 bytes)

Stack: [0x00000070f9300000,0x00000070f9400000]
Native frames: (J=compiled Java code, j=interpreted, Vv=VM code, C=native code)
V  [jvm.dll+0x6681da]
V  [jvm.dll+0x7c9d99]
V  [jvm.dll+0x7cb4d3]
V  [jvm.dll+0x7cbb33]
V  [jvm.dll+0x242ee5]
V  [jvm.dll+0xadeca]
V  [jvm.dll+0xae5ac]
V  [jvm.dll+0x35a947]
V  [jvm.dll+0x1b9d2a]
V  [jvm.dll+0x216056]
V  [jvm.dll+0x215340]
V  [jvm.dll+0x1a1d8b]
V  [jvm.dll+0x225398]
V  [jvm.dll+0x2233dc]
V  [jvm.dll+0x77f9e2]
V  [jvm.dll+0x77952a]
V  [jvm.dll+0x667076]
C  [ucrtbase.dll+0x20e72]
C  [KERNEL32.DLL+0x17bd4]
C  [ntdll.dll+0x6ced1]


---------------  P R O C E S S  ---------------

Threads class SMR info:
_java_thread_list=0x0000022f2acaf980, length=19, elements={
0x0000022f293909a0, 0x0000022f293912b0, 0x0000022f2939dfe0, 0x0000022f293a0900,
0x0000022f293a3220, 0x0000022f293abb40, 0x0000022f293afc80, 0x0000022f293b0680,
0x0000022f293b53e0, 0x0000022f2a0a6db0, 0x0000022f2a0ad820, 0x0000022f2a2768c0,
0x0000022f2a276de0, 0x0000022f2a2a33e0, 0x0000022f2aac9020, 0x0000022f0bc2c5e0,
0x0000022f2ac000b0, 0x0000022f2ac3ecf0, 0x0000022f2ad37380
}

Java Threads: ( => current thread )
  0x0000022f293909a0 JavaThread "Reference Handler" daemon [_thread_blocked, id=19328, stack(0x00000070f7c00000,0x00000070f7d00000)]
  0x0000022f293912b0 JavaThread "Finalizer" daemon [_thread_blocked, id=19332, stack(0x00000070f7d00000,0x00000070f7e00000)]
  0x0000022f2939dfe0 JavaThread "Signal Dispatcher" daemon [_thread_blocked, id=19336, stack(0x00000070f7e00000,0x00000070f7f00000)]
  0x0000022f293a0900 JavaThread "Attach Listener" daemon [_thread_blocked, id=19340, stack(0x00000070f7f00000,0x00000070f8000000)]
  0x0000022f293a3220 JavaThread "Service Thread" daemon [_thread_blocked, id=19344, stack(0x00000070f8000000,0x00000070f8100000)]
  0x0000022f293abb40 JavaThread "Monitor Deflation Thread" daemon [_thread_blocked, id=19348, stack(0x00000070f8100000,0x00000070f8200000)]
  0x0000022f293afc80 JavaThread "C2 CompilerThread0" daemon [_thread_in_native, id=19352, stack(0x00000070f8200000,0x00000070f8300000)]
  0x0000022f293b0680 JavaThread "C1 CompilerThread0" daemon [_thread_blocked, id=19356, stack(0x00000070f8300000,0x00000070f8400000)]
  0x0000022f293b53e0 JavaThread "Sweeper thread" daemon [_thread_blocked, id=19360, stack(0x00000070f8400000,0x00000070f8500000)]
  0x0000022f2a0a6db0 JavaThread "Notification Thread" daemon [_thread_blocked, id=19364, stack(0x00000070f8500000,0x00000070f8600000)]
  0x0000022f2a0ad820 JavaThread "Common-Cleaner" daemon [_thread_blocked, id=19372, stack(0x00000070f8700000,0x00000070f8800000)]
  0x0000022f2a2768c0 JavaThread "Java2D Disposer" daemon [_thread_blocked, id=19388, stack(0x00000070f8800000,0x00000070f8900000)]
  0x0000022f2a276de0 JavaThread "AWT-Shutdown" [_thread_blocked, id=19392, stack(0x00000070f8900000,0x00000070f8a00000)]
  0x0000022f2a2a33e0 JavaThread "AWT-Windows" daemon [_thread_in_native, id=19396, stack(0x00000070f8a00000,0x00000070f8b00000)]
  0x0000022f2aac9020 JavaThread "Image Fetcher 0" daemon [_thread_blocked, id=19440, stack(0x00000070f8d00000,0x00000070f8e00000)]
  0x0000022f0bc2c5e0 JavaThread "DestroyJavaVM" [_thread_blocked, id=19300, stack(0x00000070f7500000,0x00000070f7600000)]
  0x0000022f2ac000b0 JavaThread "AWT-EventQueue-0" [_thread_in_native, id=16220, stack(0x00000070f8f00000,0x00000070f9000000)]
  0x0000022f2ac3ecf0 JavaThread "D3D Screen Updater" daemon [_thread_blocked, id=18572, stack(0x00000070f8e00000,0x00000070f8f00000)]
=>0x0000022f2ad37380 JavaThread "C2 CompilerThread1" daemon [_thread_in_native, id=18532, stack(0x00000070f9300000,0x00000070f9400000)]

Other Threads:
  0x0000022f2938c090 VMThread "VM Thread" [stack: 0x00000070f7b00000,0x00000070f7c00000] [id=19324]
  0x0000022f2a0acd10 WatcherThread [stack: 0x00000070f8600000,0x00000070f8700000] [id=19368]
  0x0000022f0bc6a6e0 GCTaskThread "GC Thread#0" [stack: 0x00000070f7600000,0x00000070f7700000] [id=19304]
  0x0000022f2aa53b00 GCTaskThread "GC Thread#1" [stack: 0x00000070f9400000,0x00000070f9500000] [id=2676]
  0x0000022f2aa58db0 GCTaskThread "GC Thread#2" [stack: 0x00000070f9500000,0x00000070f9600000] [id=16296]
  0x0000022f2aa58170 GCTaskThread "GC Thread#3" [stack: 0x00000070f9600000,0x00000070f9700000] [id=18560]
  0x0000022f0bc7d410 ConcurrentGCThread "G1 Main Marker" [stack: 0x00000070f7700000,0x00000070f7800000] [id=19308]
  0x0000022f0bc7e4b0 ConcurrentGCThread "G1 Conc#0" [stack: 0x00000070f7800000,0x00000070f7900000] [id=19312]
  0x0000022f0bcfc5e0 ConcurrentGCThread "G1 Refine#0" [stack: 0x00000070f7900000,0x00000070f7a00000] [id=19316]
  0x0000022f0bcfcd90 ConcurrentGCThread "G1 Service" [stack: 0x00000070f7a00000,0x00000070f7b00000] [id=19320]

Threads with active compile tasks:
C2 CompilerThread0      946 1083       4       sun.font.TrueTypeFont::initAllNames (182 bytes)
C2 CompilerThread1      947 1080   !   4       sun.font.TrueTypeFont::getTableBuffer (199 bytes)

VM state: not at safepoint (normal execution)

VM Mutex/Monitor currently owned by a thread: None

Heap address: 0x0000000081200000, size: 2030 MB, Compressed Oops mode: 32-bit
CDS archive(s) mapped at: [0x0000000800000000-0x0000000800bb0000-0x0000000800bb0000), size 12255232, SharedBaseAddress: 0x0000000800000000, ArchiveRelocationMode: 0.
Compressed class space mapped at: 0x0000000800c00000-0x0000000840c00000, reserved size: 1073741824
Narrow klass base: 0x0000000800000000, Narrow klass shift: 3, Narrow klass range: 0x100000000

GC Precious Log:
 CPUs: 4 total, 4 available
 Memory: 8114M
 Large Page Support: Disabled
 NUMA Support: Disabled
 Compressed Oops: Enabled (32-bit)
 Heap Region Size: 1M
 Heap Min Capacity: 8M
 Heap Initial Capacity: 128M
 Heap Max Capacity: 2030M
 Pre-touch: Disabled
 Parallel Workers: 4
 Concurrent Workers: 1
 Concurrent Refinement Workers: 4
 Periodic GC: Disabled

Heap:
 garbage-first heap   total 131072K, used 16591K [0x0000000081200000, 0x0000000100000000)
  region size 1024K, 11 young (11264K), 2 survivors (2048K)
 Metaspace       used 9424K, committed 9600K, reserved 1064960K
  class space    used 1111K, committed 1216K, reserved 1048576K

Heap Regions: E=young(eden), S=young(survivor), O=old, HS=humongous(starts), HC=humongous(continues), CS=collection set, F=free, OA=open archive, CA=closed archive, TAMS=top-at-mark-start (previous, next)
|   0|0x0000000081200000, 0x0000000081300000, 0x0000000081300000|100%|HS|  |TAMS 0x0000000081200000, 0x0000000081200000| Complete 
|   1|0x0000000081300000, 0x0000000081400000, 0x0000000081400000|100%|HC|  |TAMS 0x0000000081300000, 0x0000000081300000| Complete 
|   2|0x0000000081400000, 0x0000000081500000, 0x0000000081500000|100%|HS|  |TAMS 0x0000000081400000, 0x0000000081400000| Complete 
|   3|0x0000000081500000, 0x0000000081600000, 0x0000000081600000|100%|HC|  |TAMS 0x0000000081500000, 0x0000000081500000| Complete 
|   4|0x0000000081600000, 0x0000000081700000, 0x0000000081700000|100%|HC|  |TAMS 0x0000000081600000, 0x0000000081600000| Complete 
|   5|0x0000000081700000, 0x0000000081800000, 0x0000000081800000|100%|HC|  |TAMS 0x0000000081700000, 0x0000000081700000| Complete 
|   6|0x0000000081800000, 0x0000000081833e00, 0x0000000081900000| 20%| O|  |TAMS 0x0000000081800000, 0x0000000081800000| Untracked 
|   7|0x0000000081900000, 0x0000000081900000, 0x0000000081a00000|  0%| F|  |TAMS 0x0000000081900000, 0x0000000081900000| Untracked 
|   8|0x0000000081a00000, 0x0000000081a00000, 0x0000000081b00000|  0%| F|  |TAMS 0x0000000081a00000, 0x0000000081a00000| Untracked 
|   9|0x0000000081b00000, 0x0000000081b00000, 0x0000000081c00000|  0%| F|  |TAMS 0x0000000081b00000, 0x0000000081b00000| Untracked 
|  10|0x0000000081c00000, 0x0000000081c00000, 0x0000000081d00000|  0%| F|  |TAMS 0x0000000081c00000, 0x0000000081c00000| Untracked 
|  11|0x0000000081d00000, 0x0000000081d00000, 0x0000000081e00000|  0%| F|  |TAMS 0x0000000081d00000, 0x0000000081d00000| Untracked 
|  12|0x0000000081e00000, 0x0000000081e00000, 0x0000000081f00000|  0%| F|  |TAMS 0x0000000081e00000, 0x0000000081e00000| Untracked 
|  13|0x0000000081f00000, 0x0000000081f00000, 0x0000000082000000|  0%| F|  |TAMS 0x0000000081f00000, 0x0000000081f00000| Untracked 
|  14|0x0000000082000000, 0x0000000082000000, 0x0000000082100000|  0%| F|  |TAMS 0x0000000082000000, 0x0000000082000000| Untracked 
|  15|0x0000000082100000, 0x0000000082100000, 0x0000000082200000|  0%| F|  |TAMS 0x0000000082100000, 0x0000000082100000| Untracked 
|  16|0x0000000082200000, 0x0000000082200000, 0x0000000082300000|  0%| F|  |TAMS 0x0000000082200000, 0x0000000082200000| Untracked 
|  17|0x0000000082300000, 0x0000000082300000, 0x0000000082400000|  0%| F|  |TAMS 0x0000000082300000, 0x0000000082300000| Untracked 
|  18|0x0000000082400000, 0x0000000082400000, 0x0000000082500000|  0%| F|  |TAMS 0x0000000082400000, 0x0000000082400000| Untracked 
|  19|0x0000000082500000, 0x0000000082500000, 0x0000000082600000|  0%| F|  |TAMS 0x0000000082500000, 0x0000000082500000| Untracked 
|  20|0x0000000082600000, 0x0000000082600000, 0x0000000082700000|  0%| F|  |TAMS 0x0000000082600000, 0x0000000082600000| Untracked 
|  21|0x0000000082700000, 0x0000000082700000, 0x0000000082800000|  0%| F|  |TAMS 0x0000000082700000, 0x0000000082700000| Untracked 
|  22|0x0000000082800000, 0x0000000082800000, 0x0000000082900000|  0%| F|  |TAMS 0x0000000082800000, 0x0000000082800000| Untracked 
|  23|0x0000000082900000, 0x0000000082900000, 0x0000000082a00000|  0%| F|  |TAMS 0x0000000082900000, 0x0000000082900000| Untracked 
|  24|0x0000000082a00000, 0x0000000082a00000, 0x0000000082b00000|  0%| F|  |TAMS 0x0000000082a00000, 0x0000000082a00000| Untracked 
|  25|0x0000000082b00000, 0x0000000082b00000, 0x0000000082c00000|  0%| F|  |TAMS 0x0000000082b00000, 0x0000000082b00000| Untracked 
|  26|0x0000000082c00000, 0x0000000082c00000, 0x0000000082d00000|  0%| F|  |TAMS 0x0000000082c00000, 0x0000000082c00000| Untracked 
|  27|0x0000000082d00000, 0x0000000082d00000, 0x0000000082e00000|  0%| F|  |TAMS 0x0000000082d00000, 0x0000000082d00000| Untracked 
|  28|0x0000000082e00000, 0x0000000082e00000, 0x0000000082f00000|  0%| F|  |TAMS 0x0000000082e00000, 0x0000000082e00000| Untracked 
|  29|0x0000000082f00000, 0x0000000082f00000, 0x0000000083000000|  0%| F|  |TAMS 0x0000000082f00000, 0x0000000082f00000| Untracked 
|  30|0x0000000083000000, 0x0000000083000000, 0x0000000083100000|  0%| F|  |TAMS 0x0000000083000000, 0x0000000083000000| Untracked 
|  31|0x0000000083100000, 0x0000000083100000, 0x0000000083200000|  0%| F|  |TAMS 0x0000000083100000, 0x0000000083100000| Untracked 
|  32|0x0000000083200000, 0x0000000083200000, 0x0000000083300000|  0%| F|  |TAMS 0x0000000083200000, 0x0000000083200000| Untracked 
|  33|0x0000000083300000, 0x0000000083300000, 0x0000000083400000|  0%| F|  |TAMS 0x0000000083300000, 0x0000000083300000| Untracked 
|  34|0x0000000083400000, 0x0000000083400000, 0x0000000083500000|  0%| F|  |TAMS 0x0000000083400000, 0x0000000083400000| Untracked 
|  35|0x0000000083500000, 0x0000000083500000, 0x0000000083600000|  0%| F|  |TAMS 0x0000000083500000, 0x0000000083500000| Untracked 
|  36|0x0000000083600000, 0x0000000083600000, 0x0000000083700000|  0%| F|  |TAMS 0x0000000083600000, 0x0000000083600000| Untracked 
|  37|0x0000000083700000, 0x0000000083700000, 0x0000000083800000|  0%| F|  |TAMS 0x0000000083700000, 0x0000000083700000| Untracked 
|  38|0x0000000083800000, 0x0000000083800000, 0x0000000083900000|  0%| F|  |TAMS 0x0000000083800000, 0x0000000083800000| Untracked 
|  39|0x0000000083900000, 0x0000000083900000, 0x0000000083a00000|  0%| F|  |TAMS 0x0000000083900000, 0x0000000083900000| Untracked 
|  40|0x0000000083a00000, 0x0000000083a00000, 0x0000000083b00000|  0%| F|  |TAMS 0x0000000083a00000, 0x0000000083a00000| Untracked 
|  41|0x0000000083b00000, 0x0000000083b00000, 0x0000000083c00000|  0%| F|  |TAMS 0x0000000083b00000, 0x0000000083b00000| Untracked 
|  42|0x0000000083c00000, 0x0000000083c00000, 0x0000000083d00000|  0%| F|  |TAMS 0x0000000083c00000, 0x0000000083c00000| Untracked 
|  43|0x0000000083d00000, 0x0000000083d00000, 0x0000000083e00000|  0%| F|  |TAMS 0x0000000083d00000, 0x0000000083d00000| Untracked 
|  44|0x0000000083e00000, 0x0000000083e00000, 0x0000000083f00000|  0%| F|  |TAMS 0x0000000083e00000, 0x0000000083e00000| Untracked 
|  45|0x0000000083f00000, 0x0000000083f00000, 0x0000000084000000|  0%| F|  |TAMS 0x0000000083f00000, 0x0000000083f00000| Untracked 
|  46|0x0000000084000000, 0x0000000084000000, 0x0000000084100000|  0%| F|  |TAMS 0x0000000084000000, 0x0000000084000000| Untracked 
|  47|0x0000000084100000, 0x0000000084100000, 0x0000000084200000|  0%| F|  |TAMS 0x0000000084100000, 0x0000000084100000| Untracked 
|  48|0x0000000084200000, 0x0000000084200000, 0x0000000084300000|  0%| F|  |TAMS 0x0000000084200000, 0x0000000084200000| Untracked 
|  49|0x0000000084300000, 0x0000000084300000, 0x0000000084400000|  0%| F|  |TAMS 0x0000000084300000, 0x0000000084300000| Untracked 
|  50|0x0000000084400000, 0x0000000084400000, 0x0000000084500000|  0%| F|  |TAMS 0x0000000084400000, 0x0000000084400000| Untracked 
|  51|0x0000000084500000, 0x0000000084500000, 0x0000000084600000|  0%| F|  |TAMS 0x0000000084500000, 0x0000000084500000| Untracked 
|  52|0x0000000084600000, 0x0000000084600000, 0x0000000084700000|  0%| F|  |TAMS 0x0000000084600000, 0x0000000084600000| Untracked 
|  53|0x0000000084700000, 0x0000000084700000, 0x0000000084800000|  0%| F|  |TAMS 0x0000000084700000, 0x0000000084700000| Untracked 
|  54|0x0000000084800000, 0x0000000084800000, 0x0000000084900000|  0%| F|  |TAMS 0x0000000084800000, 0x0000000084800000| Untracked 
|  55|0x0000000084900000, 0x0000000084900000, 0x0000000084a00000|  0%| F|  |TAMS 0x0000000084900000, 0x0000000084900000| Untracked 
|  56|0x0000000084a00000, 0x0000000084a00000, 0x0000000084b00000|  0%| F|  |TAMS 0x0000000084a00000, 0x0000000084a00000| Untracked 
|  57|0x0000000084b00000, 0x0000000084b00000, 0x0000000084c00000|  0%| F|  |TAMS 0x0000000084b00000, 0x0000000084b00000| Untracked 
|  58|0x0000000084c00000, 0x0000000084c00000, 0x0000000084d00000|  0%| F|  |TAMS 0x0000000084c00000, 0x0000000084c00000| Untracked 
|  59|0x0000000084d00000, 0x0000000084d00000, 0x0000000084e00000|  0%| F|  |TAMS 0x0000000084d00000, 0x0000000084d00000| Untracked 
|  60|0x0000000084e00000, 0x0000000084e00000, 0x0000000084f00000|  0%| F|  |TAMS 0x0000000084e00000, 0x0000000084e00000| Untracked 
|  61|0x0000000084f00000, 0x0000000084f00000, 0x0000000085000000|  0%| F|  |TAMS 0x0000000084f00000, 0x0000000084f00000| Untracked 
|  62|0x0000000085000000, 0x0000000085000000, 0x0000000085100000|  0%| F|  |TAMS 0x0000000085000000, 0x0000000085000000| Untracked 
|  63|0x0000000085100000, 0x0000000085100000, 0x0000000085200000|  0%| F|  |TAMS 0x0000000085100000, 0x0000000085100000| Untracked 
|  64|0x0000000085200000, 0x0000000085200000, 0x0000000085300000|  0%| F|  |TAMS 0x0000000085200000, 0x0000000085200000| Untracked 
|  65|0x0000000085300000, 0x0000000085300000, 0x0000000085400000|  0%| F|  |TAMS 0x0000000085300000, 0x0000000085300000| Untracked 
|  66|0x0000000085400000, 0x0000000085400000, 0x0000000085500000|  0%| F|  |TAMS 0x0000000085400000, 0x0000000085400000| Untracked 
|  67|0x0000000085500000, 0x0000000085500000, 0x0000000085600000|  0%| F|  |TAMS 0x0000000085500000, 0x0000000085500000| Untracked 
|  68|0x0000000085600000, 0x0000000085600000, 0x0000000085700000|  0%| F|  |TAMS 0x0000000085600000, 0x0000000085600000| Untracked 
|  69|0x0000000085700000, 0x0000000085700000, 0x0000000085800000|  0%| F|  |TAMS 0x0000000085700000, 0x0000000085700000| Untracked 
|  70|0x0000000085800000, 0x0000000085800000, 0x0000000085900000|  0%| F|  |TAMS 0x0000000085800000, 0x0000000085800000| Untracked 
|  71|0x0000000085900000, 0x0000000085900000, 0x0000000085a00000|  0%| F|  |TAMS 0x0000000085900000, 0x0000000085900000| Untracked 
|  72|0x0000000085a00000, 0x0000000085a00000, 0x0000000085b00000|  0%| F|  |TAMS 0x0000000085a00000, 0x0000000085a00000| Untracked 
|  73|0x0000000085b00000, 0x0000000085b00000, 0x0000000085c00000|  0%| F|  |TAMS 0x0000000085b00000, 0x0000000085b00000| Untracked 
|  74|0x0000000085c00000, 0x0000000085c00000, 0x0000000085d00000|  0%| F|  |TAMS 0x0000000085c00000, 0x0000000085c00000| Untracked 
|  75|0x0000000085d00000, 0x0000000085d00000, 0x0000000085e00000|  0%| F|  |TAMS 0x0000000085d00000, 0x0000000085d00000| Untracked 
|  76|0x0000000085e00000, 0x0000000085e00000, 0x0000000085f00000|  0%| F|  |TAMS 0x0000000085e00000, 0x0000000085e00000| Untracked 
|  77|0x0000000085f00000, 0x0000000085f00000, 0x0000000086000000|  0%| F|  |TAMS 0x0000000085f00000, 0x0000000085f00000| Untracked 
|  78|0x0000000086000000, 0x0000000086000000, 0x0000000086100000|  0%| F|  |TAMS 0x0000000086000000, 0x0000000086000000| Untracked 
|  79|0x0000000086100000, 0x0000000086100000, 0x0000000086200000|  0%| F|  |TAMS 0x0000000086100000, 0x0000000086100000| Untracked 
|  80|0x0000000086200000, 0x0000000086200000, 0x0000000086300000|  0%| F|  |TAMS 0x0000000086200000, 0x0000000086200000| Untracked 
|  81|0x0000000086300000, 0x0000000086300000, 0x0000000086400000|  0%| F|  |TAMS 0x0000000086300000, 0x0000000086300000| Untracked 
|  82|0x0000000086400000, 0x0000000086400000, 0x0000000086500000|  0%| F|  |TAMS 0x0000000086400000, 0x0000000086400000| Untracked 
|  83|0x0000000086500000, 0x0000000086500000, 0x0000000086600000|  0%| F|  |TAMS 0x0000000086500000, 0x0000000086500000| Untracked 
|  84|0x0000000086600000, 0x0000000086600000, 0x0000000086700000|  0%| F|  |TAMS 0x0000000086600000, 0x0000000086600000| Untracked 
|  85|0x0000000086700000, 0x0000000086700000, 0x0000000086800000|  0%| F|  |TAMS 0x0000000086700000, 0x0000000086700000| Untracked 
|  86|0x0000000086800000, 0x0000000086800000, 0x0000000086900000|  0%| F|  |TAMS 0x0000000086800000, 0x0000000086800000| Untracked 
|  87|0x0000000086900000, 0x0000000086900000, 0x0000000086a00000|  0%| F|  |TAMS 0x0000000086900000, 0x0000000086900000| Untracked 
|  88|0x0000000086a00000, 0x0000000086a00000, 0x0000000086b00000|  0%| F|  |TAMS 0x0000000086a00000, 0x0000000086a00000| Untracked 
|  89|0x0000000086b00000, 0x0000000086b00000, 0x0000000086c00000|  0%| F|  |TAMS 0x0000000086b00000, 0x0000000086b00000| Untracked 
|  90|0x0000000086c00000, 0x0000000086c00000, 0x0000000086d00000|  0%| F|  |TAMS 0x0000000086c00000, 0x0000000086c00000| Untracked 
|  91|0x0000000086d00000, 0x0000000086d00000, 0x0000000086e00000|  0%| F|  |TAMS 0x0000000086d00000, 0x0000000086d00000| Untracked 
|  92|0x0000000086e00000, 0x0000000086e00000, 0x0000000086f00000|  0%| F|  |TAMS 0x0000000086e00000, 0x0000000086e00000| Untracked 
|  93|0x0000000086f00000, 0x0000000086f00000, 0x0000000087000000|  0%| F|  |TAMS 0x0000000086f00000, 0x0000000086f00000| Untracked 
|  94|0x0000000087000000, 0x0000000087000000, 0x0000000087100000|  0%| F|  |TAMS 0x0000000087000000, 0x0000000087000000| Untracked 
|  95|0x0000000087100000, 0x0000000087100000, 0x0000000087200000|  0%| F|  |TAMS 0x0000000087100000, 0x0000000087100000| Untracked 
|  96|0x0000000087200000, 0x0000000087200000, 0x0000000087300000|  0%| F|  |TAMS 0x0000000087200000, 0x0000000087200000| Untracked 
|  97|0x0000000087300000, 0x0000000087300000, 0x0000000087400000|  0%| F|  |TAMS 0x0000000087300000, 0x0000000087300000| Untracked 
|  98|0x0000000087400000, 0x0000000087400000, 0x0000000087500000|  0%| F|  |TAMS 0x0000000087400000, 0x0000000087400000| Untracked 
|  99|0x0000000087500000, 0x0000000087500000, 0x0000000087600000|  0%| F|  |TAMS 0x0000000087500000, 0x0000000087500000| Untracked 
| 100|0x0000000087600000, 0x0000000087600000, 0x0000000087700000|  0%| F|  |TAMS 0x0000000087600000, 0x0000000087600000| Untracked 
| 101|0x0000000087700000, 0x0000000087700000, 0x0000000087800000|  0%| F|  |TAMS 0x0000000087700000, 0x0000000087700000| Untracked 
| 102|0x0000000087800000, 0x0000000087800000, 0x0000000087900000|  0%| F|  |TAMS 0x0000000087800000, 0x0000000087800000| Untracked 
| 103|0x0000000087900000, 0x0000000087900000, 0x0000000087a00000|  0%| F|  |TAMS 0x0000000087900000, 0x0000000087900000| Untracked 
| 104|0x0000000087a00000, 0x0000000087a00000, 0x0000000087b00000|  0%| F|  |TAMS 0x0000000087a00000, 0x0000000087a00000| Untracked 
| 105|0x0000000087b00000, 0x0000000087b00000, 0x0000000087c00000|  0%| F|  |TAMS 0x0000000087b00000, 0x0000000087b00000| Untracked 
| 106|0x0000000087c00000, 0x0000000087c00000, 0x0000000087d00000|  0%| F|  |TAMS 0x0000000087c00000, 0x0000000087c00000| Untracked 
| 107|0x0000000087d00000, 0x0000000087d00000, 0x0000000087e00000|  0%| F|  |TAMS 0x0000000087d00000, 0x0000000087d00000| Untracked 
| 108|0x0000000087e00000, 0x0000000087e00000, 0x0000000087f00000|  0%| F|  |TAMS 0x0000000087e00000, 0x0000000087e00000| Untracked 
| 109|0x0000000087f00000, 0x0000000087f00000, 0x0000000088000000|  0%| F|  |TAMS 0x0000000087f00000, 0x0000000087f00000| Untracked 
| 110|0x0000000088000000, 0x0000000088000000, 0x0000000088100000|  0%| F|  |TAMS 0x0000000088000000, 0x0000000088000000| Untracked 
| 111|0x0000000088100000, 0x0000000088100000, 0x0000000088200000|  0%| F|  |TAMS 0x0000000088100000, 0x0000000088100000| Untracked 
| 112|0x0000000088200000, 0x0000000088200000, 0x0000000088300000|  0%| F|  |TAMS 0x0000000088200000, 0x0000000088200000| Untracked 
| 113|0x0000000088300000, 0x0000000088400000, 0x0000000088400000|100%| S|CS|TAMS 0x0000000088300000, 0x0000000088300000| Complete 
| 114|0x0000000088400000, 0x0000000088500000, 0x0000000088500000|100%| S|CS|TAMS 0x0000000088400000, 0x0000000088400000| Complete 
| 115|0x0000000088500000, 0x0000000088500000, 0x0000000088600000|  0%| F|  |TAMS 0x0000000088500000, 0x0000000088500000| Untracked 
| 116|0x0000000088600000, 0x0000000088600000, 0x0000000088700000|  0%| F|  |TAMS 0x0000000088600000, 0x0000000088600000| Untracked 
| 117|0x0000000088700000, 0x0000000088700000, 0x0000000088800000|  0%| F|  |TAMS 0x0000000088700000, 0x0000000088700000| Untracked 
| 118|0x0000000088800000, 0x0000000088800000, 0x0000000088900000|  0%| F|  |TAMS 0x0000000088800000, 0x0000000088800000| Untracked 
| 119|0x0000000088900000, 0x0000000088a00000, 0x0000000088a00000|100%| E|  |TAMS 0x0000000088900000, 0x0000000088900000| Complete 
| 120|0x0000000088a00000, 0x0000000088b00000, 0x0000000088b00000|100%| E|CS|TAMS 0x0000000088a00000, 0x0000000088a00000| Complete 
| 121|0x0000000088b00000, 0x0000000088c00000, 0x0000000088c00000|100%| E|CS|TAMS 0x0000000088b00000, 0x0000000088b00000| Complete 
| 122|0x0000000088c00000, 0x0000000088d00000, 0x0000000088d00000|100%| E|CS|TAMS 0x0000000088c00000, 0x0000000088c00000| Complete 
| 123|0x0000000088d00000, 0x0000000088e00000, 0x0000000088e00000|100%| E|CS|TAMS 0x0000000088d00000, 0x0000000088d00000| Complete 
| 124|0x0000000088e00000, 0x0000000088f00000, 0x0000000088f00000|100%| E|CS|TAMS 0x0000000088e00000, 0x0000000088e00000| Complete 
| 125|0x0000000088f00000, 0x0000000089000000, 0x0000000089000000|100%| E|CS|TAMS 0x0000000088f00000, 0x0000000088f00000| Complete 
| 126|0x0000000089000000, 0x0000000089100000, 0x0000000089100000|100%| E|CS|TAMS 0x0000000089000000, 0x0000000089000000| Complete 
| 127|0x0000000089100000, 0x0000000089200000, 0x0000000089200000|100%| E|CS|TAMS 0x0000000089100000, 0x0000000089100000| Complete 

Card table byte_map: [0x0000022f22790000,0x0000022f22b90000] _byte_map_base: 0x0000022f22387000

Marking Bits (Prev, Next): (CMBitMap*) 0x0000022f0bc6cc00, (CMBitMap*) 0x0000022f0bc6cc40
 Prev Bits: [0x0000022f22f90000, 0x0000022f24f48000)
 Next Bits: [0x0000022f24f50000, 0x0000022f26f08000)

Polling page: 0x0000022f09a60000

Metaspace:

Usage:
  Non-class:      8.12 MB used.
      Class:      1.09 MB used.
       Both:      9.20 MB used.

Virtual space:
  Non-class space:       16.00 MB reserved,       8.19 MB ( 51%) committed,  2 nodes.
      Class space:        1.00 GB reserved,       1.19 MB ( <1%) committed,  1 nodes.
              Both:        1.02 GB reserved,       9.38 MB ( <1%) committed. 

Chunk freelists:
   Non-Class:  3.00 MB
       Class:  2.74 MB
        Both:  5.74 MB

MaxMetaspaceSize: 17179869184.00 GB
CompressedClassSpaceSize: 1.00 GB
 - commit_granule_bytes: 65536.
 - commit_granule_words: 8192.
 - virtual_space_node_default_size: 1048576.
 - enlarge_chunks_in_place: 1.
 - new_chunks_are_fully_committed: 0.
 - uncommit_free_chunks: 1.
 - use_allocation_guard: 0.
 - handle_deallocations: 1.


Internal statistics:

num_allocs_failed_limit: 0.
num_arena_births: 118.
num_arena_deaths: 0.
num_vsnodes_births: 3.
num_vsnodes_deaths: 0.
num_space_committed: 150.
num_space_uncommitted: 0.
num_chunks_returned_to_freelist: 0.
num_chunks_taken_from_freelist: 166.
num_chunk_merges: 0.
num_chunk_splits: 94.
num_chunks_enlarged: 48.
num_purges: 0.

CodeHeap 'non-profiled nmethods': size=120000Kb used=320Kb max_used=320Kb free=119679Kb
 bounds [0x0000022f1ae60000, 0x0000022f1b0d0000, 0x0000022f22390000]
CodeHeap 'profiled nmethods': size=120000Kb used=1935Kb max_used=1935Kb free=118064Kb
 bounds [0x0000022f13930000, 0x0000022f13ba0000, 0x0000022f1ae60000]
CodeHeap 'non-nmethods': size=5760Kb used=1296Kb max_used=1296Kb free=4463Kb
 bounds [0x0000022f13390000, 0x0000022f13600000, 0x0000022f13930000]
 total_blobs=1745 nmethods=1121 adapters=537
 compilation: enabled
              stopped_count=0, restarted_count=0
 full_count=0

Compilation events (20 events):
Event: 0.677 Thread 0x0000022f293afc80 nmethod 1081 0x0000022f1aeac510 code [0x0000022f1aeac6a0, 0x0000022f1aeaca58]
Event: 0.679 Thread 0x0000022f293b0680 1082       3       java.lang.Character::toLowerCase (9 bytes)
Event: 0.679 Thread 0x0000022f293b0680 nmethod 1082 0x0000022f13b08b10 code [0x0000022f13b08cc0, 0x0000022f13b08eb8]
Event: 0.679 Thread 0x0000022f293afc80 1083       4       sun.font.TrueTypeFont::initAllNames (182 bytes)
Event: 0.684 Thread 0x0000022f293b0680 1085       3       java.lang.ref.ReferenceQueue::reallyPoll (65 bytes)
Event: 0.684 Thread 0x0000022f293b0680 nmethod 1085 0x0000022f13b08f90 code [0x0000022f13b09160, 0x0000022f13b09698]
Event: 0.684 Thread 0x0000022f293b0680 1087       3       javax.swing.JComponent::setFlag (34 bytes)
Event: 0.684 Thread 0x0000022f293b0680 nmethod 1087 0x0000022f13b09790 code [0x0000022f13b09940, 0x0000022f13b09af8]
Event: 0.684 Thread 0x0000022f293b0680 1088       1       java.awt.Component::getWidth (5 bytes)
Event: 0.684 Thread 0x0000022f293b0680 nmethod 1088 0x0000022f1aeacf10 code [0x0000022f1aead0a0, 0x0000022f1aead178]
Event: 0.687 Thread 0x0000022f293b0680 1089       1       java.awt.Component::getHeight (5 bytes)
Event: 0.687 Thread 0x0000022f293b0680 nmethod 1089 0x0000022f1aead210 code [0x0000022f1aead3a0, 0x0000022f1aead478]
Event: 0.695 Thread 0x0000022f293b0680 1091       3       sun.java2d.pipe.RenderBuffer::putInt (26 bytes)
Event: 0.695 Thread 0x0000022f293b0680 nmethod 1091 0x0000022f13b09b90 code [0x0000022f13b09d40, 0x0000022f13b09ed8]
Event: 0.695 Thread 0x0000022f293b0680 1092       3       jdk.internal.misc.Unsafe::putInt (8 bytes)
Event: 0.695 Thread 0x0000022f293b0680 nmethod 1092 0x0000022f13b0a010 code [0x0000022f13b0a1a0, 0x0000022f13b0a2b8]
Event: 0.695 Thread 0x0000022f293b0680 1093       1       java.nio.DirectByteBuffer::isReadOnly (2 bytes)
Event: 0.695 Thread 0x0000022f293b0680 nmethod 1093 0x0000022f1aead910 code [0x0000022f1aeadaa0, 0x0000022f1aeadb78]
Event: 0.703 Thread 0x0000022f293b0680 1095       3       java.lang.Double::isNaN (12 bytes)
Event: 0.703 Thread 0x0000022f293b0680 nmethod 1095 0x0000022f13b0a390 code [0x0000022f13b0a520, 0x0000022f13b0a698]

GC Heap History (2 events):
Event: 0.602 GC heap before
{Heap before GC invocations=0 (full 0):
 garbage-first heap   total 131072K, used 19456K [0x0000000081200000, 0x0000000100000000)
  region size 1024K, 13 young (13312K), 0 survivors (0K)
 Metaspace       used 8948K, committed 9216K, reserved 1056768K
  class space    used 1072K, committed 1216K, reserved 1048576K
}
Event: 0.605 GC heap after
{Heap after GC invocations=1 (full 0):
 garbage-first heap   total 131072K, used 8399K [0x0000000081200000, 0x0000000100000000)
  region size 1024K, 2 young (2048K), 2 survivors (2048K)
 Metaspace       used 8948K, committed 9216K, reserved 1056768K
  class space    used 1072K, committed 1216K, reserved 1048576K
}

Deoptimization events (14 events):
Event: 0.533 Thread 0x0000022f2ac000b0 Uncommon trap: trap_request=0xffffff45 fr.pc=0x0000022f1ae96dd4 relative=0x0000000000000494
Event: 0.533 Thread 0x0000022f2ac000b0 Uncommon trap: reason=unstable_if action=reinterpret pc=0x0000022f1ae96dd4 method=java.lang.StringLatin1.toLowerCase(Ljava/lang/String;[BLjava/util/Locale;)Ljava/lang/String; @ 43 c2
Event: 0.533 Thread 0x0000022f2ac000b0 DEOPT PACKING pc=0x0000022f1ae96dd4 sp=0x00000070f8ffd140
Event: 0.533 Thread 0x0000022f2ac000b0 DEOPT UNPACKING pc=0x0000022f133dd72e sp=0x00000070f8ffd0b0 mode 2
Event: 0.555 Thread 0x0000022f2ac000b0 DEOPT PACKING pc=0x0000022f1394ba67 sp=0x00000070f8ffce40
Event: 0.555 Thread 0x0000022f2ac000b0 DEOPT UNPACKING pc=0x0000022f133ddece sp=0x00000070f8ffc260 mode 0
Event: 0.646 Thread 0x0000022f2ac000b0 Uncommon trap: trap_request=0xffffff45 fr.pc=0x0000022f1ae6915c relative=0x000000000000023c
Event: 0.646 Thread 0x0000022f2ac000b0 Uncommon trap: reason=unstable_if action=reinterpret pc=0x0000022f1ae6915c method=java.lang.String.hashCode()I @ 20 c2
Event: 0.646 Thread 0x0000022f2ac000b0 DEOPT PACKING pc=0x0000022f1ae6915c sp=0x00000070f8ffcfb0
Event: 0.646 Thread 0x0000022f2ac000b0 DEOPT UNPACKING pc=0x0000022f133dd72e sp=0x00000070f8ffcf40 mode 2
Event: 0.654 Thread 0x0000022f2ac000b0 Uncommon trap: trap_request=0xffffff45 fr.pc=0x0000022f1aea856c relative=0x000000000000042c
Event: 0.654 Thread 0x0000022f2ac000b0 Uncommon trap: reason=unstable_if action=reinterpret pc=0x0000022f1aea856c method=java.lang.Character.isSurrogate(C)Z @ 3 c2
Event: 0.654 Thread 0x0000022f2ac000b0 DEOPT PACKING pc=0x0000022f1aea856c sp=0x00000070f8ffcc30
Event: 0.654 Thread 0x0000022f2ac000b0 DEOPT UNPACKING pc=0x0000022f133dd72e sp=0x00000070f8ffcb58 mode 2

Classes unloaded (0 events):
No events

Classes redefined (0 events):
No events

Internal exceptions (14 events):
Event: 0.046 Thread 0x0000022f0bc2c5e0 Exception <a 'java/lang/NoSuchMethodError'{0x0000000089019bc8}: 'void java.lang.invoke.DirectMethodHandle$Holder.invokeSpecial(java.lang.Object, java.lang.Object, java.lang.Object)'> (0x0000000089019bc8) 
thrown [t:\workspace\open\src\hotspot\share\interpreter\linkResolver.cpp, line 790]
Event: 0.055 Thread 0x0000022f0bc2c5e0 Exception <a 'java/lang/ClassNotFoundException'{0x0000000089039ce0}: sun/awt/resources/spi/awtProvider> (0x0000000089039ce0) 
thrown [t:\workspace\open\src\hotspot\share\classfile\systemDictionary.cpp, line 256]
Event: 0.074 Thread 0x0000022f0bc2c5e0 Exception <a 'java/io/FileNotFoundException'{0x0000000089094140}> (0x0000000089094140) 
thrown [t:\workspace\open\src\hotspot\share\prims\jni.cpp, line 579]
Event: 0.080 Thread 0x0000022f0bc2c5e0 Exception <a 'java/io/FileNotFoundException'{0x00000000890c2a58}> (0x00000000890c2a58) 
thrown [t:\workspace\open\src\hotspot\share\prims\jni.cpp, line 579]
Event: 0.080 Thread 0x0000022f0bc2c5e0 Exception <a 'java/lang/NoSuchMethodError'{0x00000000890c3c40}: 'java.lang.Object java.lang.invoke.DirectMethodHandle$Holder.invokeStatic(java.lang.Object)'> (0x00000000890c3c40) 
thrown [t:\workspace\open\src\hotspot\share\interpreter\linkResolver.cpp, line 790]
Event: 0.116 Thread 0x0000022f0bc2c5e0 Exception <a 'java/lang/NoSuchMethodError'{0x0000000088f19f20}: 'java.lang.Object java.lang.invoke.DirectMethodHandle$Holder.invokeStaticInit(java.lang.Object)'> (0x0000000088f19f20) 
thrown [t:\workspace\open\src\hotspot\share\interpreter\linkResolver.cpp, line 790]
Event: 0.269 Thread 0x0000022f0bc2c5e0 Exception <a 'java/lang/NoSuchMethodError'{0x0000000088fcf2f8}: 'java.lang.Object java.lang.invoke.DirectMethodHandle$Holder.newInvokeSpecial(java.lang.Object, java.lang.Object, java.lang.Object, java.lang.Object, java.lang.Object)'> (0x0000000088fcf2f8) 
thrown [t:\workspace\open\src\hotspot\share\interpreter\linkResolver.cpp, line 790]
Event: 0.270 Thread 0x0000022f0bc2c5e0 Exception <a 'java/lang/NoSuchMethodError'{0x0000000088fdade0}: 'java.lang.Object java.lang.invoke.DirectMethodHandle$Holder.invokeStatic(java.lang.Object, int, java.lang.Object, java.lang.Object, java.lang.Object, java.lang.Object)'> (0x0000000088fdade0) 
thrown [t:\workspace\open\src\hotspot\share\interpreter\linkResolver.cpp, line 790]
Event: 0.274 Thread 0x0000022f0bc2c5e0 Exception <a 'java/lang/NoSuchMethodError'{0x0000000088e01330}: 'java.lang.Object java.lang.invoke.DirectMethodHandle$Holder.invokeStatic(java.lang.Object, int, java.lang.Object)'> (0x0000000088e01330) 
thrown [t:\workspace\open\src\hotspot\share\interpreter\linkResolver.cpp, line 790]
Event: 0.293 Thread 0x0000022f0bc2c5e0 Exception <a 'java/lang/ClassNotFoundException'{0x0000000088eb9578}: com/sun/swing/internal/plaf/metal/resources/spi/metalProvider> (0x0000000088eb9578) 
thrown [t:\workspace\open\src\hotspot\share\classfile\systemDictionary.cpp, line 256]
Event: 0.294 Thread 0x0000022f0bc2c5e0 Exception <a 'java/lang/ClassNotFoundException'{0x0000000088ebd610}: com/sun/swing/internal/plaf/basic/resources/spi/basicProvider> (0x0000000088ebd610) 
thrown [t:\workspace\open\src\hotspot\share\classfile\systemDictionary.cpp, line 256]
Event: 0.307 Thread 0x0000022f2aac9020 Exception <a 'java/lang/NoSuchMethodError'{0x0000000088d20150}: 'java.lang.Object java.lang.invoke.DirectMethodHandle$Holder.newInvokeSpecial(java.lang.Object, java.lang.Object, java.lang.Object, int, int, int, int, int)'> (0x0000000088d20150) 
thrown [t:\workspace\open\src\hotspot\share\interpreter\linkResolver.cpp, line 790]
Event: 0.429 Thread 0x0000022f2aae2e50 Exception <a 'java/lang/NoSuchMethodError'{0x00000000887d87c8}: 'void java.lang.invoke.DirectMethodHandle$Holder.invokeStaticInit(java.lang.Object)'> (0x00000000887d87c8) 
thrown [t:\workspace\open\src\hotspot\share\interpreter\linkResolver.cpp, line 790]
Event: 0.483 Thread 0x0000022f2a2a33e0 Exception <a 'java/lang/NoSuchMethodError'{0x0000000088f531f0}: 'void java.lang.invoke.DirectMethodHandle$Holder.invokeVirtual(java.lang.Object, java.lang.Object)'> (0x0000000088f531f0) 
thrown [t:\workspace\open\src\hotspot\share\interpreter\linkResolver.cpp, line 790]

Events (20 events):
Event: 0.704 loading class sun/awt/im/InputContext done
Event: 0.704 loading class sun/awt/im/InputMethodContext done
Event: 0.704 loading class sun/awt/windows/WInputMethod
Event: 0.704 loading class sun/awt/im/InputMethodAdapter
Event: 0.704 loading class java/awt/im/spi/InputMethod
Event: 0.704 loading class java/awt/im/spi/InputMethod done
Event: 0.704 loading class sun/awt/im/InputMethodAdapter done
Event: 0.704 loading class sun/awt/windows/WInputMethod done
Event: 0.705 loading class javax/swing/plaf/metal/MetalUtils$GradientPainter
Event: 0.705 loading class sun/swing/CachedPainter
Event: 0.705 loading class sun/swing/CachedPainter done
Event: 0.705 loading class javax/swing/plaf/metal/MetalUtils$GradientPainter done
Event: 0.705 loading class sun/swing/CachedPainter$PainterMultiResolutionCachedImage
Event: 0.705 loading class java/awt/image/AbstractMultiResolutionImage
Event: 0.705 loading class java/awt/image/AbstractMultiResolutionImage done
Event: 0.705 loading class sun/swing/CachedPainter$PainterMultiResolutionCachedImage done
Event: 0.705 loading class sun/swing/ImageCache
Event: 0.705 loading class sun/swing/ImageCache done
Event: 0.705 loading class sun/swing/ImageCache$Entry
Event: 0.705 loading class sun/swing/ImageCache$Entry done


Dynamic libraries:
0x00007ff7367d0000 - 0x00007ff7367e0000 	C:\Program Files\Java\jdk-16\bin\javaw.exe
0x00007ff811500000 - 0x00007ff8116f0000 	C:\Windows\SYSTEM32\ntdll.dll
0x00007ff80f830000 - 0x00007ff80f8e2000 	C:\Windows\System32\KERNEL32.DLL
0x00007ff80ed30000 - 0x00007ff80efd3000 	C:\Windows\System32\KERNELBASE.dll
0x00007ff80efe0000 - 0x00007ff80f0da000 	C:\Windows\System32\ucrtbase.dll
0x00007ff8019d0000 - 0x00007ff8019e8000 	C:\Program Files\Java\jdk-16\bin\jli.dll
0x00007ff8019b0000 - 0x00007ff8019c9000 	C:\Program Files\Java\jdk-16\bin\VCRUNTIME140.dll
0x00007ff80f780000 - 0x00007ff80f823000 	C:\Windows\System32\ADVAPI32.dll
0x00007ff80f8f0000 - 0x00007ff80f98e000 	C:\Windows\System32\msvcrt.dll
0x00007ff810240000 - 0x00007ff8102d7000 	C:\Windows\System32\sechost.dll
0x00007ff810120000 - 0x00007ff810240000 	C:\Windows\System32\RPCRT4.dll
0x00007ff80f5e0000 - 0x00007ff80f774000 	C:\Windows\System32\USER32.dll
0x00007ffffd8b0000 - 0x00007ffffdb35000 	C:\Windows\WinSxS\amd64_microsoft.windows.common-controls_6595b64144ccf1df_6.0.18362.535_none_e6c3b34713100821\COMCTL32.dll
0x00007ff80ec80000 - 0x00007ff80eca1000 	C:\Windows\System32\win32u.dll
0x00007ff811030000 - 0x00007ff811366000 	C:\Windows\System32\combase.dll
0x00007ff80fc30000 - 0x00007ff80fc56000 	C:\Windows\System32\GDI32.dll
0x00007ff80ecb0000 - 0x00007ff80ed30000 	C:\Windows\System32\bcryptPrimitives.dll
0x00007ff80f0e0000 - 0x00007ff80f274000 	C:\Windows\System32\gdi32full.dll
0x00007ff80f310000 - 0x00007ff80f3ae000 	C:\Windows\System32\msvcp_win.dll
0x00007ff80a300000 - 0x00007ff80a30a000 	C:\Windows\SYSTEM32\VERSION.dll
0x00007ff80f5b0000 - 0x00007ff80f5de000 	C:\Windows\System32\IMM32.DLL
0x00007ff80ad40000 - 0x00007ff80ad4c000 	C:\Program Files\Java\jdk-16\bin\vcruntime140_1.dll
0x00007fffdf860000 - 0x00007fffdf8f1000 	C:\Program Files\Java\jdk-16\bin\msvcp140.dll
0x00007fffbc5f0000 - 0x00007fffbd19b000 	C:\Program Files\Java\jdk-16\bin\server\jvm.dll
0x00007ff810ba0000 - 0x00007ff810ba8000 	C:\Windows\System32\PSAPI.DLL
0x00007ff80a1c0000 - 0x00007ff80a1c9000 	C:\Windows\SYSTEM32\WSOCK32.dll
0x00007ff80bef0000 - 0x00007ff80bf14000 	C:\Windows\SYSTEM32\WINMM.dll
0x00007ff80fb30000 - 0x00007ff80fb9f000 	C:\Windows\System32\WS2_32.dll
0x00007ff80bec0000 - 0x00007ff80beed000 	C:\Windows\SYSTEM32\WINMMBASE.dll
0x00007ff80e4b0000 - 0x00007ff80e4fa000 	C:\Windows\System32\cfgmgr32.dll
0x00007ff80e3e0000 - 0x00007ff80e3f1000 	C:\Windows\System32\kernel.appcore.dll
0x00007ff806ff0000 - 0x00007ff806ffa000 	C:\Program Files\Java\jdk-16\bin\jimage.dll
0x00007ffff3720000 - 0x00007ffff3914000 	C:\Windows\SYSTEM32\DBGHELP.DLL
0x00007ffff36f0000 - 0x00007ffff371a000 	C:\Windows\SYSTEM32\dbgcore.DLL
0x00007ffffc0f0000 - 0x00007ffffc115000 	C:\Program Files\Java\jdk-16\bin\java.dll
0x00007ff8104b0000 - 0x00007ff810b95000 	C:\Windows\System32\SHELL32.dll
0x00007ff8102e0000 - 0x00007ff810389000 	C:\Windows\System32\shcore.dll
0x00007ff80e500000 - 0x00007ff80ec7f000 	C:\Windows\System32\windows.storage.dll
0x00007ff80e450000 - 0x00007ff80e46f000 	C:\Windows\System32\profapi.dll
0x00007ff80e400000 - 0x00007ff80e44a000 	C:\Windows\System32\powrprof.dll
0x00007ff80e3d0000 - 0x00007ff80e3e0000 	C:\Windows\System32\UMPDC.dll
0x00007ff80fad0000 - 0x00007ff80fb22000 	C:\Windows\System32\shlwapi.dll
0x00007ff80e490000 - 0x00007ff80e4a7000 	C:\Windows\System32\cryptsp.dll
0x00007fffda4d0000 - 0x00007fffda650000 	C:\Program Files\Java\jdk-16\bin\awt.dll
0x00007ff811370000 - 0x00007ff811434000 	C:\Windows\System32\OLEAUT32.dll
0x00007ff80c570000 - 0x00007ff80c5ff000 	C:\Windows\SYSTEM32\apphelp.dll
0x00007ff80c820000 - 0x00007ff80c84d000 	C:\Windows\system32\DWMAPI.DLL
0x00007ff80c710000 - 0x00007ff80c7a9000 	C:\Windows\system32\uxtheme.dll
0x00007fffd83f0000 - 0x00007fffd8546000 	C:\Windows\system32\opengl32.dll
0x00007fffeef40000 - 0x00007fffeef6c000 	C:\Windows\SYSTEM32\GLU32.dll
0x00007ff80d040000 - 0x00007ff80d060000 	C:\Windows\SYSTEM32\dxcore.dll
0x00007ff80f990000 - 0x00007ff80fac5000 	C:\Windows\System32\MSCTF.dll
0x00007ff80fc60000 - 0x00007ff80fdb6000 	C:\Windows\System32\ole32.dll
0x00007ff806c30000 - 0x00007ff806df7000 	C:\Windows\system32\d3d9.dll
0x00007ff808140000 - 0x00007ff808245000 	C:\Windows\System32\DriverStore\FileRepository\nv_dispi.inf_amd64_d67c20d727d4578c\nvldumdx.dll
0x00007ff80e470000 - 0x00007ff80e482000 	C:\Windows\System32\msasn1.dll
0x00007ff80a2d0000 - 0x00007ff80a2ff000 	C:\Windows\SYSTEM32\cryptnet.dll
0x00007ff80f460000 - 0x00007ff80f5a9000 	C:\Windows\System32\CRYPT32.dll
0x00007ff80de10000 - 0x00007ff80de1c000 	C:\Windows\SYSTEM32\cryptbase.dll
0x00007ff80f280000 - 0x00007ff80f2dc000 	C:\Windows\System32\WINTRUST.DLL
0x00007ff80ff50000 - 0x00007ff80ff6d000 	C:\Windows\System32\imagehlp.dll
0x00007ff80d7b0000 - 0x00007ff80d7e3000 	C:\Windows\system32\rsaenh.dll
0x00007ff80f2e0000 - 0x00007ff80f306000 	C:\Windows\System32\bcrypt.dll
0x00007fffb5230000 - 0x00007fffb6e78000 	C:\Windows\System32\DriverStore\FileRepository\nv_dispi.inf_amd64_d67c20d727d4578c\nvd3dumx.dll
0x00007fffcee60000 - 0x00007fffcf119000 	C:\Windows\system32\nvspcap64.dll
0x00007ff80d430000 - 0x00007ff80d461000 	C:\Windows\SYSTEM32\ntmarta.dll
0x00007ff80cff0000 - 0x00007ff80d012000 	C:\Windows\SYSTEM32\gpapi.dll
0x00007ffffbf90000 - 0x00007ffffbfa8000 	C:\Program Files\Java\jdk-16\bin\zip.dll
0x00007fffeca80000 - 0x00007fffecaad000 	C:\Program Files\Java\jdk-16\bin\javajpeg.dll
0x00007fffda440000 - 0x00007fffda4c9000 	C:\Program Files\Java\jdk-16\bin\freetype.dll
0x00007fffd7a20000 - 0x00007fffd7b16000 	C:\Program Files\Java\jdk-16\bin\harfbuzz.dll
0x00007fffef0b0000 - 0x00007fffef0c2000 	C:\Program Files\Java\jdk-16\bin\fontmanager.dll
0x00007ff810400000 - 0x00007ff8104a2000 	C:\Windows\System32\clbcatq.dll
0x00007ff809720000 - 0x00007ff8098cf000 	C:\Windows\SYSTEM32\WindowsCodecs.dll
0x00007fffefe00000 - 0x00007fffefe3a000 	C:\Windows\system32\dataexchange.dll
0x00007ff80ba80000 - 0x00007ff80bcdb000 	C:\Windows\system32\d3d11.dll
0x00007ff80bce0000 - 0x00007ff80bebb000 	C:\Windows\system32\dcomp.dll
0x00007ff80d0d0000 - 0x00007ff80d1bb000 	C:\Windows\system32\dxgi.dll
0x00007ff80c850000 - 0x00007ff80caaa000 	C:\Windows\system32\twinapi.appcore.dll
0x00007ff80cd30000 - 0x00007ff80cd59000 	C:\Windows\system32\RMCLIENT.dll
0x00007ff801530000 - 0x00007ff8015ce000 	C:\Windows\System32\TextInputFramework.dll
0x00007ff80c360000 - 0x00007ff80c434000 	C:\Windows\System32\CoreMessaging.dll
0x00007ff809940000 - 0x00007ff809c6a000 	C:\Windows\System32\CoreUIComponents.dll
0x00007ff80a420000 - 0x00007ff80a573000 	C:\Windows\SYSTEM32\wintypes.dll
0x00007ffffd260000 - 0x00007ffffd279000 	C:\Program Files\Java\jdk-16\bin\net.dll
0x00007ff8068f0000 - 0x00007ff8069e0000 	C:\Windows\SYSTEM32\WINHTTP.dll
0x00007ff80dc40000 - 0x00007ff80dca7000 	C:\Windows\system32\mswsock.dll
0x00007ffffbfb0000 - 0x00007ffffbfc3000 	C:\Program Files\Java\jdk-16\bin\nio.dll

dbghelp: loaded successfully - version: 4.0.5 - missing functions: none
symbol engine: initialized successfully - sym options: 0x614 - pdb path: .;C:\Program Files\Java\jdk-16\bin;C:\Windows\SYSTEM32;C:\Windows\WinSxS\amd64_microsoft.windows.common-controls_6595b64144ccf1df_6.0.18362.535_none_e6c3b34713100821;C:\Program Files\Java\jdk-16\bin\server;C:\Windows\System32\DriverStore\FileRepository\nv_dispi.inf_amd64_d67c20d727d4578c

VM Arguments:
jvm_args: -Dfile.encoding=Cp1252 -XX:+ShowCodeDetailsInExceptionMessages 
java_command: bw.main
java_class_path (initial): F:\Java Codes\BookWorld v2\bin
Launcher Type: SUN_STANDARD

[Global flags]
     intx CICompilerCount                          = 3                                         {product} {ergonomic}
     uint ConcGCThreads                            = 1                                         {product} {ergonomic}
     uint G1ConcRefinementThreads                  = 4                                         {product} {ergonomic}
   size_t G1HeapRegionSize                         = 1048576                                   {product} {ergonomic}
    uintx GCDrainStackTargetSize                   = 64                                        {product} {ergonomic}
   size_t InitialHeapSize                          = 134217728                                 {product} {ergonomic}
   size_t MarkStackSize                            = 4194304                                   {product} {ergonomic}
   size_t MaxHeapSize                              = 2128609280                                {product} {ergonomic}
   size_t MaxNewSize                               = 1277165568                                {product} {ergonomic}
   size_t MinHeapDeltaBytes                        = 1048576                                   {product} {ergonomic}
   size_t MinHeapSize                              = 8388608                                   {product} {ergonomic}
    uintx NonNMethodCodeHeapSize                   = 5832780                                {pd product} {ergonomic}
    uintx NonProfiledCodeHeapSize                  = 122912730                              {pd product} {ergonomic}
    uintx ProfiledCodeHeapSize                     = 122912730                              {pd product} {ergonomic}
    uintx ReservedCodeCacheSize                    = 251658240                              {pd product} {ergonomic}
     bool SegmentedCodeCache                       = true                                      {product} {ergonomic}
     bool ShowCodeDetailsInExceptionMessages       = true                                   {manageable} {command line}
   size_t SoftMaxHeapSize                          = 2128609280                             {manageable} {ergonomic}
     bool UseCompressedClassPointers               = true                           {product lp64_product} {ergonomic}
     bool UseCompressedOops                        = true                           {product lp64_product} {ergonomic}
     bool UseG1GC                                  = true                                      {product} {ergonomic}
     bool UseLargePagesIndividualAllocation        = false                                  {pd product} {ergonomic}

Logging:
Log output configuration:
 #0: stdout all=warning uptime,level,tags
 #1: stderr all=off uptime,level,tags

Environment Variables:
JAVA_HOME=C:\Program Files\Java\jdk-16
PATH=C:\Program Files\Common Files\Oracle\Java\javapath;C:\Windows\system32;C:\Windows;C:\Windows\System32\Wbem;C:\Windows\System32\WindowsPowerShell\v1.0\;C:\Windows\System32\OpenSSH\;C:\Program Files\NVIDIA Corporation\NVIDIA NvDLISR;C:\Program Files (x86)\NVIDIA Corporation\PhysX\Common;C:\Program Files\Java\jdk-16\bin;C:\Users\Khilzi\AppData\Local\Microsoft\WindowsApps;
USERNAME=Khilzi
OS=Windows_NT
PROCESSOR_IDENTIFIER=Intel64 Family 6 Model 158 Stepping 11, GenuineIntel



---------------  S Y S T E M  ---------------

OS:
 Windows 10 , 64 bit Build 18362 (10.0.18362.329)
OS uptime: 0 days 20:08 hours

CPU: total 4 (initial active 4) (4 cores per cpu, 1 threads per core) family 6 model 158 stepping 11 microcode 0xb4, cx8, cmov, fxsr, mmx, 3dnowpref, sse, sse2, sse3, ssse3, sse4.1, sse4.2, popcnt, lzcnt, tsc, tscinvbit, avx, avx2, aes, erms, clmul, bmi1, bmi2, adx, fma, vzeroupper, clflush, clflushopt

Memory: 4k page, system-wide physical 8114M (1611M free)
TotalPageFile size 20337M (AvailPageFile size 5M)
current process WorkingSet (physical memory assigned to process): 105M, peak: 105M
current process commit charge ("private bytes"): 255M, peak: 256M

vm_info: Java HotSpot(TM) 64-Bit Server VM (16+36-2231) for windows-amd64 JRE (16+36-2231), built on Feb  8 2021 11:43:10 by "mach5one" with MS VC++ 16.7 (VS2019)

END.
